<?xml version="1.0" encoding="UTF-8"?>
<!-- Generated by org.testng.reporters.JUnitReportReporter -->
<testsuite hostname="Sais-MBP" failures="0" tests="2" name="com.practice.gradle.LoginTest" time="0.006" errors="0" timestamp="2021-04-15T10:30:37 IST" skipped="0">
  <testcase classname="com.practice.gradle.LoginTest" name="myAccount" time="0.003"/>
  <system-out/>
  <testcase classname="com.practice.gradle.LoginTest" name="homePage" time="0.003"/>
  <system-out/>
</testsuite> <!-- com.practice.gradle.LoginTest -->
